2024-09-13 10:48:48,996 [T1] INFO  EngineStarter
BOT Engine Start - v3.1.100.11228 at 2024-09-13 오전 10:48:48
EngineID: D_20240913_104848_234
PID : 1632
PPID: 14856
Working Directory: C:\Users\3class_13\AppData\Roaming\Brity RPA Designer

2024-09-13 10:48:49,013 [T1] INFO  EngineStarter
System Language: ko-KR
Resolution: 1920 x 1200

2024-09-13 10:48:49,242 [T1] INFO  Config
Initialize Config

2024-09-13 10:48:49,282 [T1] DEBUG Config
Config Loaded

2024-09-13 10:48:49,283 [T1] DEBUG Config
Backup config file.

2024-09-13 10:48:49,293 [T1] INFO  Config
Orchestrator Service => https://bwrpa.samsungsds.com:8777

2024-09-13 10:48:49,297 [T1] INFO  Config
Initialize Resource Config

2024-09-13 10:48:49,324 [T1] DEBUG Config
Refresh Language Information

2024-09-13 10:48:49,405 [T1] INFO  Config
All Config Initialized.

2024-09-13 10:48:49,412 [T1] DEBUG KeyManager
Initialize KeyManager

2024-09-13 10:48:49,414 [T1] DEBUG KeyManager
Load device unique id.

2024-09-13 10:48:49,422 [T1] DEBUG KeyManager
Device ID is initialized.

2024-09-13 10:48:49,462 [T1] INFO  CertLicenseClient
Initialize certificate.

2024-09-13 10:48:49,465 [T1] DEBUG CertLicenseClient
Set Security Protocol: Tls12

2024-09-13 10:48:49,497 [T5] DEBUG JobService
Connect to agent service

2024-09-13 10:48:49,528 [T5] DEBUG JobService
JobService URL : net.tcp://127.0.0.1:59001/rpa/agent

2024-09-13 10:48:49,528 [T5] DEBUG JobService
Open connection

2024-09-13 10:48:49,532 [T1] DEBUG ApplicationInitializer
InitMode: Thread

2024-09-13 10:48:49,543 [T1] INFO  LibraryManager
Load Libraries - Started

2024-09-13 10:48:49,544 [T5] DEBUG JobService
Register engine to agent

2024-09-13 10:48:49,555 [T5] DEBUG JobService
Engine is connected to agent service.

2024-09-13 10:48:49,555 [T5] DEBUG JobService
Owner Process PID: 14856

2024-09-13 10:48:49,557 [T5] INFO  JobService
Start monitoring owner process is terminated.

2024-09-13 10:48:49,559 [T1] DEBUG AddInLoader
Load Assembly : IPA.Lib.Chrome

2024-09-13 10:48:49,831 [T1] DEBUG AddInLoader
Load Assembly : IPA.Lib.Desktop

2024-09-13 10:48:50,007 [T1] DEBUG AddInLoader
Load Assembly : IPA.Lib.Excel

2024-09-13 10:48:50,164 [T1] DEBUG AddInLoader
Load Assembly : IPA.Lib.Flow

2024-09-13 10:48:50,277 [T1] DEBUG AddInLoader
Load Assembly : IPA.Lib.IE

2024-09-13 10:48:50,368 [T1] DEBUG AddInLoader
Load Assembly : IPA.Lib.ImageConverter

2024-09-13 10:48:50,430 [T1] DEBUG AddInLoader
Load Assembly : IPA.Lib.ImageRecognition

2024-09-13 10:48:50,605 [T1] DEBUG AddInLoader
Load Assembly : IPA.Lib.MicrosoftOCR

2024-09-13 10:48:50,660 [T1] DEBUG AddInLoader
Load Assembly : IPA.Lib.Net

2024-09-13 10:48:50,748 [T1] DEBUG AddInLoader
Load Assembly : IPA.Lib.Orchestra

2024-09-13 10:48:50,850 [T1] DEBUG AddInLoader
Load Assembly : IPA.Lib.ProcessFlow

2024-09-13 10:48:50,961 [T1] DEBUG AddInLoader
Load Assembly : IPA.Lib.SAP

2024-09-13 10:48:51,070 [T1] DEBUG AddInLoader
Load Assembly : IPA.Lib.Web

2024-09-13 10:48:51,214 [T1] DEBUG AddInLoader
Load Assembly : IPA.Lib.Win

2024-09-13 10:48:51,337 [T1] INFO  ScreenCapture
Default Screen Capture Bounds: 0,0,1920,1200

2024-09-13 10:48:51,365 [T1] DEBUG AddInLoader
Load Assembly : BrityRPA.AddIn.NativeApp

2024-09-13 10:48:51,463 [T1] DEBUG AddInLoader
Load Assembly : BrityWorks.AddIn.Outlook

2024-09-13 10:48:51,528 [T1] DEBUG AddInLoader
Load Assembly : BrityWorks.AddIn.Pdf

2024-09-13 10:48:51,605 [T1] DEBUG LibraryManager
Load Library - Chrome

2024-09-13 10:48:51,619 [T1] DEBUG LibraryManager
Load Library - Desktop

2024-09-13 10:48:51,634 [T1] DEBUG LibraryManager
Load Library - Excel

2024-09-13 10:48:51,651 [T1] DEBUG LibraryManager
Load Library - Flow

2024-09-13 10:48:51,665 [T1] DEBUG LibraryManager
Load Library - IE

2024-09-13 10:48:51,680 [T1] DEBUG LibraryManager
Load Library - ImageConverter

2024-09-13 10:48:51,695 [T1] DEBUG LibraryManager
Load Library - ImageRecognition

2024-09-13 10:48:51,710 [T1] DEBUG LibraryManager
Load Library - MicrosoftOCR

2024-09-13 10:48:51,725 [T1] DEBUG LibraryManager
Load Library - NativeApp

2024-09-13 10:48:51,740 [T1] DEBUG LibraryManager
Load Library - Net

2024-09-13 10:48:51,756 [T1] DEBUG LibraryManager
Load Library - Orchestra

2024-09-13 10:48:51,770 [T1] DEBUG LibraryManager
Load Library - Outlook

2024-09-13 10:48:51,785 [T1] DEBUG LibraryManager
Load Library - Pdf

2024-09-13 10:48:51,800 [T1] DEBUG LibraryManager
Load Library - SAP

2024-09-13 10:48:51,815 [T1] DEBUG LibraryManager
Load Library - Web

2024-09-13 10:48:51,830 [T1] DEBUG LibraryManager
Load Library - Win

2024-09-13 10:48:51,845 [T1] DEBUG LibraryManager
Load Library - WorkFlow

2024-09-13 10:48:51,849 [T1] DEBUG LibraryManager
Load built-in script libraries

2024-09-13 10:48:52,094 [T1] INFO  LibraryManager
Load Libraries - Completed.

2024-09-13 10:48:52,106 [T1] INFO  App
Launch Arguments: Total: 6 |  -eid D_20240913_104848_234 -runtype ProcRunner -ppid 14856

2024-09-13 10:48:52,107 [T1] DEBUG Config
Refresh Language Information

2024-09-13 10:48:52,108 [T1] DEBUG LibraryManager
LibraryManager Initialized.

2024-09-13 10:48:59,685 [T7] INFO  JobService
Start Job: P_miniproject (Foreground)
{
  "JobType": 1,
  "State": 0,
  "IsRunning": false,
  "ResultMessage": null,
  "StartTime": "2024-09-13 10:48:59",
  "EndTime": null,
  "JobId": "Designer_20240913_104859_296",
  "UserAuthentication": null,
  "ProcessPath": "C:\\Users\\3class_13\\Documents\\Brity RPA Projects\\miniproject\\P_miniproject.proc",
  "ProcessId": "ff7e737e-6361-4c0a-a1fa-18ed34505f73",
  "ProcessVer": "1.0",
  "ProcessArgs": null,
  "RequesterType": 3,
  "RequesterId": "designer",
  "RequesterPID": 14856,
  "OptionsJsonString": null,
  "TimeoutSec": 0,
  "EngineID": "D_20240913_104848_234",
  "EnginePID": 0,
  "EngineRecommededVersion": "",
  "JobWorkDir": "C:\\Users\\3class_13\\Documents\\Brity RPA Projects\\miniproject\\Histories\\20240913_104859_P_miniproject_Designer_20240913_104859_296",
  "JobLogDir": "C:\\Users\\3class_13\\Documents\\Brity RPA Projects\\miniproject\\Histories\\20240913_104859_P_miniproject_Designer_20240913_104859_296\\Log",
  "JobScreenshotDir": "C:\\Users\\3class_13\\Documents\\Brity RPA Projects\\miniproject\\Histories\\20240913_104859_P_miniproject_Designer_20240913_104859_296\\Log\\Screenshot"
}

2024-09-13 10:48:59,836 [T4] DEBUG JobService
Waiting library loading...

2024-09-13 10:48:59,838 [T4] DEBUG Config
Reload User Settings

2024-09-13 10:48:59,840 [T4] INFO  JobService
Config Loading Completed.

2024-09-13 10:48:59,840 [T4] DEBUG JobService
Config Loading Time: 3 ms.

2024-09-13 10:48:59,845 [T4] DEBUG JobService
Check Shared Token

2024-09-13 10:48:59,846 [T4] DEBUG TokenManager
Load connection token

2024-09-13 10:48:59,847 [T4] DEBUG TokenManager
Clear Connection Token - No Shared Token

2024-09-13 10:48:59,872 [T1] DEBUG ServerInformationClient
Request server feature list

2024-09-13 10:48:59,950 [T1] INFO  ServerInformationClient
Server feature update successful

2024-09-13 10:48:59,954 [T1] INFO  ServerInformationClient
It takes 92 milliseconds to try to update the server feature list.

2024-09-13 10:48:59,954 [T1] INFO  Config
Update server features to config.

2024-09-13 10:48:59,973 [T4] INFO  JobService
Shared Token - No Token

2024-09-13 10:48:59,978 [T4] INFO  JobManager
Create JobManager instance for job P_miniproject(Designer_20240913_104859_296)

2024-09-13 10:48:59,984 [T4] INFO  JobRequest
Job ID : Designer_20240913_104859_296
Project Path  : C:\Users\3class_13\Documents\Brity RPA Projects\miniproject\miniproject.proj
Process Name  : P_miniproject
Engine Mode   : Designer
Requester Type: Designer
Requester PID : 14856

2024-09-13 10:48:59,988 [T9] INFO  JobRequest
Start Callback Sender

2024-09-13 10:48:59,988 [T9] DEBUG JobRequest
Step Callback Interval: 500

2024-09-13 10:49:00,036 [T4] DEBUG ProjectManager
Set Project Information

2024-09-13 10:49:00,061 [T4] INFO  PlayOptionManager
PlayOption
- Step Interval : 1
- Disable DrawBounds : False
- Invoke First : False
- Allow Upload of DumpScreen results : False

2024-09-13 10:49:00,062 [T4] INFO  JobRunner
Initialize Script Engine

2024-09-13 10:49:00,078 [T14-ScriptEngine] INFO  JobRequest
##############################################################
### STATE: Initializing
##############################################################


2024-09-13 10:49:00,100 [T9] DEBUG JobRequest
Callback - State: Initializing


2024-09-13 10:49:01,005 [T14-ScriptEngine] INFO  JobRequest
##############################################################
### STATE: Ready
##############################################################


2024-09-13 10:49:01,006 [T9] DEBUG JobRequest
Callback - State: Ready


2024-09-13 10:49:01,016 [T4] INFO  JobRunnerHook
HotKey Hook Started

2024-09-13 10:49:01,017 [T4] INFO  JobRequest
##############################################################
### STATE: Starting
##############################################################


2024-09-13 10:49:01,020 [T14-ScriptEngine] INFO  JobRunner
RunProcess start

2024-09-13 10:49:01,021 [T9] DEBUG JobRequest
Callback - State: Starting


2024-09-13 10:49:01,021 [T14-ScriptEngine] INFO  JobRequest
##############################################################
### STATE: Running
##############################################################


2024-09-13 10:49:01,021 [T14-ScriptEngine] INFO  JobRequest
Last job life cycle state: Running

2024-09-13 10:49:01,037 [T9] DEBUG JobRequest
Callback - State: Running


2024-09-13 10:49:02,154 [T14-ScriptEngine] DEBUG ScreenCapture
DirectX Screen Capture Initialized.

2024-09-13 10:49:02,175 [T14-ScriptEngine] DEBUG JobRunner
DirectX ScreenCapture Checked.

2024-09-13 10:49:02,203 [T14-ScriptEngine] INFO  JobRequest
##############################################################
### STATE: StartProcess - P_miniproject
##############################################################
ff7e737e-6361-4c0a-a1fa-18ed34505f73
P_miniproject


2024-09-13 10:49:02,260 [T14-ScriptEngine] INFO  JobRequest
**************************************************************
*** TASK: P_miniproject
**************************************************************
 - STEP 1: S104f03f827f44e8f81937d1aa8383818 (1/4) - (1/97)
 - [1] RunTask


2024-09-13 10:49:02,369 [T14-ScriptEngine] INFO  JobRequest
##############################################################
### STATE: StartTask - T_데이터수집
##############################################################
ee524be9-b535-4438-970f-ff65b68d76f5
T_데이터수집


2024-09-13 10:49:02,385 [T14-ScriptEngine] INFO  JobRequest
**************************************************************
*** TASK: T_데이터수집
**************************************************************
 - STEP 2: S1513eedce7524517b10562f10a4b294a (1/19) - (2/97)
 - [1] ChromeOpen


2024-09-13 10:49:05,286 [T10] DEBUG ChromeRemoteConnect
GetRemoteBrowserUsingEndPoint Fail : 하나 이상의 오류가 발생했습니다.

2024-09-13 10:49:05,353 [T10] DEBUG ChromeCommonExtension
extension default locale empty

2024-09-13 10:49:08,861 [T10] DEBUG ChromeCommonExtension
extension default locale empty

2024-09-13 10:49:10,405 [T14-ScriptEngine] INFO  JobRequest
 - STEP 3: S887842f281a34fe1886d7a78e930d636 (2/19) - (3/97)
 - [2] For


2024-09-13 10:49:10,421 [T14-ScriptEngine] INFO  JobRequest
 - STEP 4: S0c07a50c7041425cbeffca7f12015e57 (3/19) - (4/97)
 - [3] ChromeClick


2024-09-13 10:49:10,923 [T14-ScriptEngine] INFO  JobRequest
 - STEP 5: Se834edc24adc4b06b1f73d44e64fba48 (4/19) - (5/97)
 - [4] ChromeClick


2024-09-13 10:49:11,179 [T14-ScriptEngine] INFO  JobRequest
 - STEP 6: Sebc3a96283e44912a0d4b51f911cb416 (5/19) - (6/97)
 - [5] WaitAppear


2024-09-13 10:49:12,335 [T4] INFO  UIAEventHandler
Start UIA event handler

2024-09-13 10:49:13,335 [T4] DEBUG UIAEventHandler
UI Structure Changed Count: 0

2024-09-13 10:49:13,335 [T4] INFO  UIAEventHandler
waiting for 954 msec during the screen structure is changing.

2024-09-13 10:49:21,785 [T14-ScriptEngine] INFO  JobRequest
 - STEP 7: S5226433a64294aa4999448d5b7c76b02 (6/19) - (7/97)
 - [6] Click


2024-09-13 10:49:22,213 [T10] DEBUG UIAEventHandler
UI Structure Changed Count: 0

2024-09-13 10:49:22,213 [T10] INFO  UIAEventHandler
waiting for 101 msec during the screen structure is changing.

2024-09-13 10:49:22,894 [T14-ScriptEngine] INFO  JobRequest
 - STEP 8: S0aebc450757745eb9f0707e18431f967 (7/19) - (8/97)
 - [7] SetText


2024-09-13 10:49:24,088 [T23] DEBUG UIAEventHandler
UI Structure Changed Count: 1

2024-09-13 10:49:24,192 [T23] INFO  UIAEventHandler
waiting for 1253 msec during the screen structure is changing.

2024-09-13 10:49:24,501 [T23] DEBUG UIAEventHandler
UI Structure Changed Count: 0

2024-09-13 10:49:24,501 [T23] INFO  UIAEventHandler
waiting for 98 msec during the screen structure is changing.

2024-09-13 10:49:25,194 [T14-ScriptEngine] INFO  JobRequest
 - STEP 9: S3a15d78a5566491c9c1b4434aed79ba4 (8/19) - (9/97)
 - [8] Click


2024-09-13 10:49:25,405 [T4] DEBUG UIAEventHandler
UI Structure Changed Count: 0

2024-09-13 10:49:25,405 [T4] INFO  UIAEventHandler
waiting for 196 msec during the screen structure is changing.

2024-09-13 10:49:26,437 [T14-ScriptEngine] INFO  JobRequest
 - STEP 10: S0c07a50c7041425cbeffca7f12015e57 (3/19) - (9/97)
 - [3] ChromeClick


2024-09-13 10:49:26,737 [T14-ScriptEngine] INFO  JobRequest
 - STEP 11: Se834edc24adc4b06b1f73d44e64fba48 (4/19) - (9/97)
 - [4] ChromeClick


2024-09-13 10:49:26,981 [T14-ScriptEngine] INFO  JobRequest
 - STEP 12: Sebc3a96283e44912a0d4b51f911cb416 (5/19) - (9/97)
 - [5] WaitAppear


2024-09-13 10:49:37,463 [T14-ScriptEngine] INFO  JobRequest
 - STEP 13: S5226433a64294aa4999448d5b7c76b02 (6/19) - (9/97)
 - [6] Click


2024-09-13 10:49:37,784 [T8] DEBUG UIAEventHandler
UI Structure Changed Count: 0

2024-09-13 10:49:37,784 [T8] INFO  UIAEventHandler
waiting for 106 msec during the screen structure is changing.

2024-09-13 10:49:38,373 [T14-ScriptEngine] INFO  JobRequest
 - STEP 14: S0aebc450757745eb9f0707e18431f967 (7/19) - (9/97)
 - [7] SetText


2024-09-13 10:49:39,539 [T4] DEBUG UIAEventHandler
UI Structure Changed Count: 1

2024-09-13 10:49:39,645 [T4] INFO  UIAEventHandler
waiting for 1252 msec during the screen structure is changing.

2024-09-13 10:49:40,552 [T14-ScriptEngine] INFO  JobRequest
 - STEP 15: S3a15d78a5566491c9c1b4434aed79ba4 (8/19) - (9/97)
 - [8] Click


2024-09-13 10:49:40,867 [T21] DEBUG UIAEventHandler
UI Structure Changed Count: 0

2024-09-13 10:49:40,867 [T21] INFO  UIAEventHandler
waiting for 299 msec during the screen structure is changing.

2024-09-13 10:49:41,217 [T21] DEBUG UIAEventHandler
UI Structure Changed Count: 1

2024-09-13 10:49:41,321 [T21] INFO  UIAEventHandler
waiting for 261 msec during the screen structure is changing.

2024-09-13 10:49:42,127 [T14-ScriptEngine] INFO  JobRequest
 - STEP 16: S0c07a50c7041425cbeffca7f12015e57 (3/19) - (9/97)
 - [3] ChromeClick


2024-09-13 10:49:42,407 [T14-ScriptEngine] INFO  JobRequest
 - STEP 17: Se834edc24adc4b06b1f73d44e64fba48 (4/19) - (9/97)
 - [4] ChromeClick


2024-09-13 10:49:42,622 [T14-ScriptEngine] INFO  JobRequest
 - STEP 18: Sebc3a96283e44912a0d4b51f911cb416 (5/19) - (9/97)
 - [5] WaitAppear


2024-09-13 10:49:53,138 [T14-ScriptEngine] INFO  JobRequest
 - STEP 19: S5226433a64294aa4999448d5b7c76b02 (6/19) - (9/97)
 - [6] Click


2024-09-13 10:49:53,458 [T23] DEBUG UIAEventHandler
UI Structure Changed Count: 0

2024-09-13 10:49:53,458 [T23] INFO  UIAEventHandler
waiting for 108 msec during the screen structure is changing.

2024-09-13 10:49:54,062 [T14-ScriptEngine] INFO  JobRequest
 - STEP 20: S0aebc450757745eb9f0707e18431f967 (7/19) - (9/97)
 - [7] SetText


2024-09-13 10:49:55,233 [T10] DEBUG UIAEventHandler
UI Structure Changed Count: 1

2024-09-13 10:49:55,338 [T10] INFO  UIAEventHandler
waiting for 1259 msec during the screen structure is changing.

2024-09-13 10:49:55,639 [T10] DEBUG UIAEventHandler
UI Structure Changed Count: 0

2024-09-13 10:49:55,639 [T10] INFO  UIAEventHandler
waiting for 101 msec during the screen structure is changing.

2024-09-13 10:49:56,331 [T14-ScriptEngine] INFO  JobRequest
 - STEP 21: S3a15d78a5566491c9c1b4434aed79ba4 (8/19) - (9/97)
 - [8] Click


2024-09-13 10:49:56,543 [T4] DEBUG UIAEventHandler
UI Structure Changed Count: 0

2024-09-13 10:49:56,543 [T4] INFO  UIAEventHandler
waiting for 196 msec during the screen structure is changing.

2024-09-13 10:49:56,844 [T4] DEBUG UIAEventHandler
UI Structure Changed Count: 0

2024-09-13 10:49:56,844 [T4] INFO  UIAEventHandler
waiting for 107 msec during the screen structure is changing.

2024-09-13 10:49:57,664 [T14-ScriptEngine] INFO  JobRequest
 - STEP 22: S0c07a50c7041425cbeffca7f12015e57 (3/19) - (9/97)
 - [3] ChromeClick


2024-09-13 10:49:57,962 [T14-ScriptEngine] INFO  JobRequest
 - STEP 23: Se834edc24adc4b06b1f73d44e64fba48 (4/19) - (9/97)
 - [4] ChromeClick


2024-09-13 10:49:58,192 [T14-ScriptEngine] INFO  JobRequest
 - STEP 24: Sebc3a96283e44912a0d4b51f911cb416 (5/19) - (9/97)
 - [5] WaitAppear


2024-09-13 10:50:08,680 [T14-ScriptEngine] INFO  JobRequest
 - STEP 25: S5226433a64294aa4999448d5b7c76b02 (6/19) - (9/97)
 - [6] Click


2024-09-13 10:50:08,999 [T21] DEBUG UIAEventHandler
UI Structure Changed Count: 0

2024-09-13 10:50:08,999 [T21] INFO  UIAEventHandler
waiting for 113 msec during the screen structure is changing.

2024-09-13 10:50:09,602 [T14-ScriptEngine] INFO  JobRequest
 - STEP 26: S0aebc450757745eb9f0707e18431f967 (7/19) - (9/97)
 - [7] SetText


2024-09-13 10:50:10,760 [T18] DEBUG UIAEventHandler
UI Structure Changed Count: 1

2024-09-13 10:50:10,865 [T18] INFO  UIAEventHandler
waiting for 1245 msec during the screen structure is changing.

2024-09-13 10:50:11,167 [T18] DEBUG UIAEventHandler
UI Structure Changed Count: 0

2024-09-13 10:50:11,167 [T18] INFO  UIAEventHandler
waiting for 101 msec during the screen structure is changing.

2024-09-13 10:50:11,858 [T14-ScriptEngine] INFO  JobRequest
 - STEP 27: S3a15d78a5566491c9c1b4434aed79ba4 (8/19) - (9/97)
 - [8] Click


2024-09-13 10:50:12,069 [T27] DEBUG UIAEventHandler
UI Structure Changed Count: 0

2024-09-13 10:50:12,069 [T27] INFO  UIAEventHandler
waiting for 196 msec during the screen structure is changing.

2024-09-13 10:50:12,341 [T27] DEBUG UIAEventHandler
UI Structure Changed Count: 0

2024-09-13 10:50:12,341 [T27] INFO  UIAEventHandler
waiting for 80 msec during the screen structure is changing.

2024-09-13 10:50:13,141 [T14-ScriptEngine] INFO  JobRequest
 - STEP 28: S0c07a50c7041425cbeffca7f12015e57 (3/19) - (9/97)
 - [3] ChromeClick


2024-09-13 10:50:13,407 [T14-ScriptEngine] INFO  JobRequest
 - STEP 29: Se834edc24adc4b06b1f73d44e64fba48 (4/19) - (9/97)
 - [4] ChromeClick


2024-09-13 10:50:13,654 [T14-ScriptEngine] INFO  JobRequest
 - STEP 30: Sebc3a96283e44912a0d4b51f911cb416 (5/19) - (9/97)
 - [5] WaitAppear


2024-09-13 10:50:24,162 [T14-ScriptEngine] INFO  JobRequest
 - STEP 31: S5226433a64294aa4999448d5b7c76b02 (6/19) - (9/97)
 - [6] Click


2024-09-13 10:50:24,455 [T27] DEBUG UIAEventHandler
UI Structure Changed Count: 0

2024-09-13 10:50:24,455 [T27] INFO  UIAEventHandler
waiting for 79 msec during the screen structure is changing.

2024-09-13 10:50:25,055 [T14-ScriptEngine] INFO  JobRequest
 - STEP 32: S0aebc450757745eb9f0707e18431f967 (7/19) - (9/97)
 - [7] SetText


2024-09-13 10:50:26,213 [T27] DEBUG UIAEventHandler
UI Structure Changed Count: 1

2024-09-13 10:50:26,318 [T27] INFO  UIAEventHandler
waiting for 1244 msec during the screen structure is changing.

2024-09-13 10:50:26,621 [T27] DEBUG UIAEventHandler
UI Structure Changed Count: 0

2024-09-13 10:50:26,621 [T27] INFO  UIAEventHandler
waiting for 102 msec during the screen structure is changing.

2024-09-13 10:50:27,297 [T14-ScriptEngine] INFO  JobRequest
 - STEP 33: S3a15d78a5566491c9c1b4434aed79ba4 (8/19) - (9/97)
 - [8] Click


2024-09-13 10:50:27,523 [T27] DEBUG UIAEventHandler
UI Structure Changed Count: 0

2024-09-13 10:50:27,523 [T27] INFO  UIAEventHandler
waiting for 208 msec during the screen structure is changing.

2024-09-13 10:50:27,827 [T27] DEBUG UIAEventHandler
UI Structure Changed Count: 0

2024-09-13 10:50:27,827 [T27] INFO  UIAEventHandler
waiting for 108 msec during the screen structure is changing.

2024-09-13 10:50:28,643 [T14-ScriptEngine] INFO  JobRequest
 - STEP 34: Sb0048b38b59b4782b0388283c7642f8b (9/19) - (10/97)
 - [9] End-For


2024-09-13 10:50:28,659 [T14-ScriptEngine] INFO  JobRequest
 - STEP 35: Sbc06d9c9c57b431498309e007e502c1f (10/19) - (11/97)
 - [10] Delay


2024-09-13 10:50:30,691 [T14-ScriptEngine] INFO  JobRequest
 - STEP 36: Sf872329c35274f1f835688a784c14a6c (11/19) - (12/97)
 - [11] ChromeClose


2024-09-13 10:50:31,238 [T14-ScriptEngine] INFO  JobRequest
 - STEP 37: Se5032eca5e1648c78701b68f0fa10e33 (12/19) - (13/97)
 - [12] OpenApp


2024-09-13 10:50:31,254 [T14-ScriptEngine] INFO  UiaAppHelper
Open App: explorer
Arguments: 
Derived App: 

2024-09-13 10:50:31,451 [T14-ScriptEngine] INFO  UiaAppHelper
Process(12224) Started.

2024-09-13 10:50:31,956 [T14-ScriptEngine] WARN  UiaAppHelper
The newly launched process(PID:12224) is immediately terminated.

2024-09-13 10:50:32,486 [T14-ScriptEngine] DEBUG UiaAppHelper
The number of new application windows: 1

2024-09-13 10:50:32,486 [T14-ScriptEngine] INFO  UiaAppHelper
Launched Application PID: 16260, HWND: 3868872

2024-09-13 10:50:32,489 [T14-ScriptEngine] INFO  UiaAppHelper
OpenApp WaitForInputIdle(4469): 0

2024-09-13 10:50:33,012 [T14-ScriptEngine] INFO  JobRequest
 - STEP 38: S657728dea8f2458482f1fade6c472944 (13/19) - (14/97)
 - [13] Click


2024-09-13 10:50:33,087 [T22] DEBUG UIAEventHandler
UI Structure Changed Count: 0

2024-09-13 10:50:33,087 [T22] INFO  UIAEventHandler
waiting for 58 msec during the screen structure is changing.

2024-09-13 10:50:33,237 [T22] DEBUG UIAEventHandler
UI Structure Changed Count: 0

2024-09-13 10:50:33,237 [T22] INFO  UIAEventHandler
waiting for 89 msec during the screen structure is changing.

2024-09-13 10:50:33,825 [T14-ScriptEngine] INFO  JobRequest
 - STEP 39: Sdff7a87b3ed04e0f9029b7d7a66ca462 (14/19) - (15/97)
 - [14] SetText


2024-09-13 10:50:35,061 [T8] DEBUG UIAEventHandler
UI Structure Changed Count: 1

2024-09-13 10:50:35,166 [T8] INFO  UIAEventHandler
waiting for 1135 msec during the screen structure is changing.

2024-09-13 10:50:35,348 [T8] DEBUG UIAEventHandler
UI Structure Changed Count: 0

2024-09-13 10:50:35,348 [T8] INFO  UIAEventHandler
waiting for 111 msec during the screen structure is changing.

2024-09-13 10:50:36,037 [T14-ScriptEngine] INFO  JobRequest
 - STEP 40: S4b204d3b04234016ac54011058a7437d (15/19) - (16/97)
 - [15] Click


2024-09-13 10:50:36,235 [T27] DEBUG UIAEventHandler
UI Structure Changed Count: 0

2024-09-13 10:50:36,235 [T27] INFO  UIAEventHandler
waiting for 182 msec during the screen structure is changing.

2024-09-13 10:50:36,462 [T27] DEBUG UIAEventHandler
UI Structure Changed Count: 0

2024-09-13 10:50:36,462 [T27] INFO  UIAEventHandler
waiting for 107 msec during the screen structure is changing.

2024-09-13 10:50:37,066 [T14-ScriptEngine] INFO  JobRequest
 - STEP 41: Sde0552dd6c894c6581c496266bf09783 (16/19) - (17/97)
 - [16] KeyInput


2024-09-13 10:50:39,201 [T14-ScriptEngine] INFO  JobRequest
 - STEP 42: S7f172287c4a848c89f63d687edaeb607 (17/19) - (18/97)
 - [17] RightClick


2024-09-13 10:50:39,412 [T18] DEBUG UIAEventHandler
UI Structure Changed Count: 0

2024-09-13 10:50:39,412 [T18] INFO  UIAEventHandler
waiting for 106 msec during the screen structure is changing.

2024-09-13 10:50:40,015 [T14-ScriptEngine] INFO  JobRequest
 - STEP 43: S8ea6ec2ff744460fae9725786cd16abb (18/19) - (19/97)
 - [18] KeyInput


2024-09-13 10:50:41,898 [T14-ScriptEngine] INFO  JobRequest
 - STEP 44: Sb8d16fe111ac4a48b472cab041b86363 (19/19) - (20/97)
 - [19] Click


2024-09-13 10:50:42,385 [T22] DEBUG UIAEventHandler
UI Structure Changed Count: 0

2024-09-13 10:50:42,385 [T22] INFO  UIAEventHandler
waiting for 349 msec during the screen structure is changing.

2024-09-13 10:50:42,508 [T22] DEBUG UIAEventHandler
UI Structure Changed Count: 0

2024-09-13 10:50:42,508 [T22] INFO  UIAEventHandler
waiting for 79 msec during the screen structure is changing.

2024-09-13 10:50:43,162 [T14-ScriptEngine] INFO  JobRunner
[PASS] TASK: T_데이터수집

2024-09-13 10:50:43,173 [T14-ScriptEngine] INFO  JobRequest
##############################################################
### STATE: EndTask - T_데이터수집
##############################################################
ee524be9-b535-4438-970f-ff65b68d76f5
T_데이터수집


2024-09-13 10:50:43,189 [T14-ScriptEngine] INFO  JobRequest
**************************************************************
*** TASK: P_miniproject
**************************************************************
 - STEP 45: S47980c1271c14cd5b7058a173865a720 (2/4) - (21/97)
 - [2] RunTask


2024-09-13 10:50:43,197 [T14-ScriptEngine] INFO  JobRequest
##############################################################
### STATE: StartTask - T_데이터가공
##############################################################
30584e28-2c07-4d68-943e-832b7ab67648
T_데이터가공


2024-09-13 10:50:43,204 [T14-ScriptEngine] INFO  JobRequest
**************************************************************
*** TASK: T_데이터가공
**************************************************************
 - STEP 46: S60bc67d777da40ac970aed88abed8247 (1/17) - (22/97)
 - [1] OpenApp


2024-09-13 10:50:43,205 [T14-ScriptEngine] INFO  UiaAppHelper
Open App: cmd
Arguments: 
Derived App: 

2024-09-13 10:50:43,357 [T14-ScriptEngine] INFO  UiaAppHelper
Process(980) Started.

2024-09-13 10:50:44,397 [T14-ScriptEngine] DEBUG UiaAppHelper
The number of new application windows: 1

2024-09-13 10:50:44,397 [T14-ScriptEngine] INFO  UiaAppHelper
Launched Application PID: 980, HWND: 5507054

2024-09-13 10:50:48,918 [T14-ScriptEngine] INFO  UiaAppHelper
OpenApp WaitForInputIdle(4473): 4518

2024-09-13 10:50:49,443 [T14-ScriptEngine] INFO  JobRequest
 - STEP 47: S4cae9c60ea394e9b98db28a2cb6aeccd (2/17) - (23/97)
 - [2] TextInput


2024-09-13 10:50:51,587 [T14-ScriptEngine] INFO  JobRequest
 - STEP 48: S4cd0489086e44e8a95a9c0079d5d2164 (3/17) - (24/97)
 - [3] TextInput


2024-09-13 10:50:51,770 [T8] DEBUG UIAEventHandler
UI Structure Changed Count: 0

2024-09-13 10:50:51,770 [T8] INFO  UIAEventHandler
waiting for 107 msec during the screen structure is changing.

2024-09-13 10:50:56,167 [T14-ScriptEngine] INFO  JobRequest
 - STEP 49: Seab98950976c4839a9608a58d51e1b9f (4/17) - (25/97)
 - [4] TextInput


2024-09-13 10:50:59,148 [T14-ScriptEngine] INFO  JobRequest
 - STEP 50: S56cb914e93574e60804ab8a04af9d4cb (5/17) - (26/97)
 - [5] DoWhile


2024-09-13 10:50:59,164 [T14-ScriptEngine] INFO  JobRequest
 - STEP 51: S2517274a116047aa966977b430a621cb (6/17) - (27/97)
 - [6] Delay


2024-09-13 10:52:29,180 [T14-ScriptEngine] INFO  JobRequest
 - STEP 52: Sd90a5c4cbe114929be85af57203a7905 (7/17) - (28/97)
 - [7] MouseScroll


2024-09-13 10:52:31,633 [T14-ScriptEngine] INFO  JobRequest
 - STEP 53: Sa00cb2bd5589473da0df440f864dad2d (8/17) - (29/97)
 - [8] IsVisible


2024-09-13 10:52:33,341 [T14-ScriptEngine] INFO  JobRequest
 - STEP 54: S2517274a116047aa966977b430a621cb (6/17) - (29/97)
 - [6] Delay


2024-09-13 10:54:03,370 [T14-ScriptEngine] INFO  JobRequest
 - STEP 55: Sd90a5c4cbe114929be85af57203a7905 (7/17) - (29/97)
 - [7] MouseScroll


2024-09-13 10:54:03,542 [T21] DEBUG UIAEventHandler
UI Structure Changed Count: 0

2024-09-13 10:54:03,542 [T21] INFO  UIAEventHandler
waiting for 100 msec during the screen structure is changing.

2024-09-13 10:54:05,793 [T14-ScriptEngine] INFO  JobRequest
 - STEP 56: Sa00cb2bd5589473da0df440f864dad2d (8/17) - (29/97)
 - [8] IsVisible


2024-09-13 10:54:07,467 [T14-ScriptEngine] INFO  JobRequest
 - STEP 57: S2517274a116047aa966977b430a621cb (6/17) - (29/97)
 - [6] Delay


2024-09-13 10:55:37,493 [T14-ScriptEngine] INFO  JobRequest
 - STEP 58: Sd90a5c4cbe114929be85af57203a7905 (7/17) - (29/97)
 - [7] MouseScroll


2024-09-13 10:55:37,663 [T15] DEBUG UIAEventHandler
UI Structure Changed Count: 0

2024-09-13 10:55:37,663 [T15] INFO  UIAEventHandler
waiting for 93 msec during the screen structure is changing.

2024-09-13 10:55:39,901 [T14-ScriptEngine] INFO  JobRequest
 - STEP 59: Sa00cb2bd5589473da0df440f864dad2d (8/17) - (29/97)
 - [8] IsVisible


2024-09-13 10:55:41,626 [T14-ScriptEngine] INFO  JobRequest
 - STEP 60: S2517274a116047aa966977b430a621cb (6/17) - (29/97)
 - [6] Delay


2024-09-13 10:57:11,655 [T14-ScriptEngine] INFO  JobRequest
 - STEP 61: Sd90a5c4cbe114929be85af57203a7905 (7/17) - (29/97)
 - [7] MouseScroll


2024-09-13 10:57:11,821 [T21] DEBUG UIAEventHandler
UI Structure Changed Count: 0

2024-09-13 10:57:11,821 [T21] INFO  UIAEventHandler
waiting for 95 msec during the screen structure is changing.

2024-09-13 10:57:14,063 [T14-ScriptEngine] INFO  JobRequest
 - STEP 62: Sa00cb2bd5589473da0df440f864dad2d (8/17) - (29/97)
 - [8] IsVisible


2024-09-13 10:57:15,739 [T14-ScriptEngine] INFO  JobRequest
 - STEP 63: S2517274a116047aa966977b430a621cb (6/17) - (29/97)
 - [6] Delay


2024-09-13 10:58:45,761 [T14-ScriptEngine] INFO  JobRequest
 - STEP 64: Sd90a5c4cbe114929be85af57203a7905 (7/17) - (29/97)
 - [7] MouseScroll


2024-09-13 10:58:45,931 [T19] DEBUG UIAEventHandler
UI Structure Changed Count: 0

2024-09-13 10:58:45,931 [T19] INFO  UIAEventHandler
waiting for 95 msec during the screen structure is changing.

2024-09-13 10:58:48,168 [T14-ScriptEngine] INFO  JobRequest
 - STEP 65: Sa00cb2bd5589473da0df440f864dad2d (8/17) - (29/97)
 - [8] IsVisible


2024-09-13 10:58:49,826 [T14-ScriptEngine] INFO  JobRequest
 - STEP 66: S2517274a116047aa966977b430a621cb (6/17) - (29/97)
 - [6] Delay


2024-09-13 11:00:19,852 [T14-ScriptEngine] INFO  JobRequest
 - STEP 67: Sd90a5c4cbe114929be85af57203a7905 (7/17) - (29/97)
 - [7] MouseScroll


2024-09-13 11:00:20,033 [T18] DEBUG UIAEventHandler
UI Structure Changed Count: 0

2024-09-13 11:00:20,033 [T18] INFO  UIAEventHandler
waiting for 98 msec during the screen structure is changing.

2024-09-13 11:00:22,254 [T14-ScriptEngine] INFO  JobRequest
 - STEP 68: Sa00cb2bd5589473da0df440f864dad2d (8/17) - (29/97)
 - [8] IsVisible


2024-09-13 11:00:22,678 [T18] DEBUG UIAEventHandler
UI Structure Changed Count: 0

2024-09-13 11:00:22,678 [T18] INFO  UIAEventHandler
waiting for 99 msec during the screen structure is changing.

2024-09-13 11:00:22,708 [T14-ScriptEngine] INFO  JobRequest
 - STEP 69: S8a8763150aac42749b77036bec584084 (9/17) - (30/97)
 - [9] End-DoWhile


2024-09-13 11:00:22,723 [T14-ScriptEngine] INFO  JobRequest
 - STEP 70: S86086f57586b44b5a9fff3fed9c55b89 (10/17) - (31/97)
 - [10] Click


2024-09-13 11:00:23,581 [T6] DEBUG UIAEventHandler
UI Structure Changed Count: 0

2024-09-13 11:00:23,581 [T6] INFO  UIAEventHandler
waiting for 840 msec during the screen structure is changing.

2024-09-13 11:00:24,022 [T6] DEBUG UIAEventHandler
UI Structure Changed Count: 0

2024-09-13 11:00:24,022 [T6] INFO  UIAEventHandler
waiting for 106 msec during the screen structure is changing.

2024-09-13 11:00:24,622 [T14-ScriptEngine] INFO  JobRequest
 - STEP 71: S0c809173bb864924aa0b6a97a3359f9c (11/17) - (32/97)
 - [11] KeyInput


2024-09-13 11:00:26,993 [T14-ScriptEngine] INFO  JobRequest
 - STEP 72: Sb3431728e5a84f2580a0f1b5facf0716 (12/17) - (33/97)
 - [12] Click


2024-09-13 11:00:27,417 [T18] DEBUG UIAEventHandler
UI Structure Changed Count: 0

2024-09-13 11:00:27,417 [T18] INFO  UIAEventHandler
waiting for 108 msec during the screen structure is changing.

2024-09-13 11:00:28,109 [T14-ScriptEngine] INFO  JobRequest
 - STEP 73: Sc3cfafbbeceb46e98d9019d8c9c20515 (13/17) - (34/97)
 - [13] TextInput


2024-09-13 11:00:28,309 [T18] DEBUG UIAEventHandler
UI Structure Changed Count: 0

2024-09-13 11:00:28,310 [T18] INFO  UIAEventHandler
waiting for 154 msec during the screen structure is changing.

2024-09-13 11:00:28,643 [T18] DEBUG UIAEventHandler
UI Structure Changed Count: 0

2024-09-13 11:00:28,643 [T18] INFO  UIAEventHandler
waiting for 112 msec during the screen structure is changing.

2024-09-13 11:00:30,543 [T14-ScriptEngine] INFO  JobRequest
 - STEP 74: S5cfc94ab95714fd3a47536f7d1e1a94e (14/17) - (35/97)
 - [14] DoWhile


2024-09-13 11:00:30,558 [T14-ScriptEngine] INFO  JobRequest
 - STEP 75: Sf3329a71fe7e43c598fcbc33c9f16075 (15/17) - (36/97)
 - [15] IsExist


2024-09-13 11:00:32,656 [T14-ScriptEngine] INFO  JobRequest
 - STEP 76: Sf3329a71fe7e43c598fcbc33c9f16075 (15/17) - (36/97)
 - [15] IsExist


2024-09-13 11:00:33,902 [T14-ScriptEngine] INFO  JobRequest
 - STEP 77: Sf3329a71fe7e43c598fcbc33c9f16075 (15/17) - (36/97)
 - [15] IsExist


2024-09-13 11:00:35,152 [T14-ScriptEngine] INFO  JobRequest
 - STEP 78: Sf3329a71fe7e43c598fcbc33c9f16075 (15/17) - (36/97)
 - [15] IsExist


2024-09-13 11:00:36,400 [T14-ScriptEngine] INFO  JobRequest
 - STEP 79: Sf3329a71fe7e43c598fcbc33c9f16075 (15/17) - (36/97)
 - [15] IsExist


2024-09-13 11:00:37,691 [T14-ScriptEngine] INFO  JobRequest
 - STEP 80: Sf3329a71fe7e43c598fcbc33c9f16075 (15/17) - (36/97)
 - [15] IsExist


2024-09-13 11:00:38,918 [T14-ScriptEngine] INFO  JobRequest
 - STEP 81: Sf3329a71fe7e43c598fcbc33c9f16075 (15/17) - (36/97)
 - [15] IsExist


2024-09-13 11:00:40,183 [T14-ScriptEngine] INFO  JobRequest
 - STEP 82: Sf3329a71fe7e43c598fcbc33c9f16075 (15/17) - (36/97)
 - [15] IsExist


2024-09-13 11:00:41,457 [T14-ScriptEngine] INFO  JobRequest
 - STEP 83: Sf3329a71fe7e43c598fcbc33c9f16075 (15/17) - (36/97)
 - [15] IsExist


2024-09-13 11:00:42,686 [T14-ScriptEngine] INFO  JobRequest
 - STEP 84: Sf3329a71fe7e43c598fcbc33c9f16075 (15/17) - (36/97)
 - [15] IsExist


2024-09-13 11:00:43,979 [T14-ScriptEngine] INFO  JobRequest
 - STEP 85: Sf3329a71fe7e43c598fcbc33c9f16075 (15/17) - (36/97)
 - [15] IsExist


2024-09-13 11:00:45,205 [T14-ScriptEngine] INFO  JobRequest
 - STEP 86: Sf3329a71fe7e43c598fcbc33c9f16075 (15/17) - (36/97)
 - [15] IsExist


2024-09-13 11:00:46,431 [T14-ScriptEngine] INFO  JobRequest
 - STEP 87: Sf3329a71fe7e43c598fcbc33c9f16075 (15/17) - (36/97)
 - [15] IsExist


2024-09-13 11:00:47,666 [T14-ScriptEngine] INFO  JobRequest
 - STEP 88: Sf3329a71fe7e43c598fcbc33c9f16075 (15/17) - (36/97)
 - [15] IsExist


2024-09-13 11:00:48,890 [T14-ScriptEngine] INFO  JobRequest
 - STEP 89: Sf3329a71fe7e43c598fcbc33c9f16075 (15/17) - (36/97)
 - [15] IsExist


2024-09-13 11:00:50,107 [T14-ScriptEngine] INFO  JobRequest
 - STEP 90: Sf3329a71fe7e43c598fcbc33c9f16075 (15/17) - (36/97)
 - [15] IsExist


2024-09-13 11:00:51,370 [T14-ScriptEngine] INFO  JobRequest
 - STEP 91: Sf3329a71fe7e43c598fcbc33c9f16075 (15/17) - (36/97)
 - [15] IsExist


2024-09-13 11:00:52,652 [T14-ScriptEngine] INFO  JobRequest
 - STEP 92: Sf3329a71fe7e43c598fcbc33c9f16075 (15/17) - (36/97)
 - [15] IsExist


2024-09-13 11:00:53,954 [T14-ScriptEngine] INFO  JobRequest
 - STEP 93: Sf3329a71fe7e43c598fcbc33c9f16075 (15/17) - (36/97)
 - [15] IsExist


2024-09-13 11:00:55,238 [T14-ScriptEngine] INFO  JobRequest
 - STEP 94: Sf3329a71fe7e43c598fcbc33c9f16075 (15/17) - (36/97)
 - [15] IsExist


2024-09-13 11:00:56,652 [T14-ScriptEngine] INFO  JobRequest
 - STEP 95: Sf3329a71fe7e43c598fcbc33c9f16075 (15/17) - (36/97)
 - [15] IsExist


2024-09-13 11:00:57,852 [T14-ScriptEngine] INFO  JobRequest
 - STEP 96: Sf3329a71fe7e43c598fcbc33c9f16075 (15/17) - (36/97)
 - [15] IsExist


2024-09-13 11:00:59,054 [T14-ScriptEngine] INFO  JobRequest
 - STEP 97: Sf3329a71fe7e43c598fcbc33c9f16075 (15/17) - (36/97)
 - [15] IsExist


2024-09-13 11:01:00,268 [T14-ScriptEngine] INFO  JobRequest
 - STEP 98: Sf3329a71fe7e43c598fcbc33c9f16075 (15/17) - (36/97)
 - [15] IsExist


2024-09-13 11:01:01,472 [T14-ScriptEngine] INFO  JobRequest
 - STEP 99: Sf3329a71fe7e43c598fcbc33c9f16075 (15/17) - (36/97)
 - [15] IsExist


2024-09-13 11:01:02,677 [T14-ScriptEngine] INFO  JobRequest
 - STEP 100: Sf3329a71fe7e43c598fcbc33c9f16075 (15/17) - (36/97)
 - [15] IsExist


2024-09-13 11:01:03,881 [T14-ScriptEngine] INFO  JobRequest
 - STEP 101: Sf3329a71fe7e43c598fcbc33c9f16075 (15/17) - (36/97)
 - [15] IsExist


2024-09-13 11:01:05,126 [T14-ScriptEngine] INFO  JobRequest
 - STEP 102: Sf3329a71fe7e43c598fcbc33c9f16075 (15/17) - (36/97)
 - [15] IsExist


2024-09-13 11:01:06,340 [T19] ERROR WinElementTargetFinder
이벤트에서 가입자를 불러낼 수 없습니다. (예외가 발생한 HRESULT: 0x80040201)

2024-09-13 11:01:06,410 [T14-ScriptEngine] INFO  JobRequest
 - STEP 103: Sf3329a71fe7e43c598fcbc33c9f16075 (15/17) - (36/97)
 - [15] IsExist


2024-09-13 11:01:07,097 [T14-ScriptEngine] INFO  JobRequest
 - STEP 104: S94368a64fcca4a5d9bb31b875ae6522e (16/17) - (37/97)
 - [16] End-DoWhile


2024-09-13 11:01:07,113 [T14-ScriptEngine] INFO  JobRequest
 - STEP 105: Sfb16b6b2edb143a0a875dce538732577 (17/17) - (38/97)
 - [17] TextInput


2024-09-13 11:01:08,096 [T4] DEBUG UIAEventHandler
UI Structure Changed Count: 0

2024-09-13 11:01:08,096 [T4] INFO  UIAEventHandler
waiting for 965 msec during the screen structure is changing.

2024-09-13 11:01:10,045 [T14-ScriptEngine] INFO  JobRunner
[PASS] TASK: T_데이터가공

2024-09-13 11:01:10,046 [T14-ScriptEngine] INFO  JobRequest
##############################################################
### STATE: EndTask - T_데이터가공
##############################################################
30584e28-2c07-4d68-943e-832b7ab67648
T_데이터가공


2024-09-13 11:01:10,061 [T14-ScriptEngine] INFO  JobRequest
**************************************************************
*** TASK: P_miniproject
**************************************************************
 - STEP 106: Sf1a0eaa9f7a8448fb684da3ee46a2f4f (3/4) - (39/97)
 - [3] RunTask


2024-09-13 11:01:10,080 [T14-ScriptEngine] INFO  JobRequest
##############################################################
### STATE: StartTask - T_보고서만들기
##############################################################
048d5a11-d4e8-4419-849c-c5ad699f8305
T_보고서만들기


2024-09-13 11:01:10,093 [T14-ScriptEngine] INFO  JobRequest
**************************************************************
*** TASK: T_보고서만들기
**************************************************************
 - STEP 107: Sc88f668d977746ae837f60997f544f31 (1/56) - (40/97)
 - [1] OpenExcel


2024-09-13 11:01:12,972 [T14-ScriptEngine] INFO  JobRequest
 - STEP 108: S91c795368dd645fead9f9de460ec4c2e (2/56) - (41/97)
 - [2] OpenExcel


2024-09-13 11:01:14,634 [T14-ScriptEngine] INFO  JobRequest
 - STEP 109: Sfdc46985f0f34c33a61640db02b7d780 (3/56) - (42/97)
 - [3] ReadString


2024-09-13 11:01:14,759 [T14-ScriptEngine] INFO  JobRequest
 - STEP 110: S80cc427ab1a440839ef505200aee4a12 (4/56) - (43/97)
 - [4] WriteString


2024-09-13 11:01:14,836 [T14-ScriptEngine] INFO  JobRequest
 - STEP 111: S2e3a43296bcd4397afc7d035dc7d4662 (5/56) - (44/97)
 - [5] ReadRange


2024-09-13 11:01:15,320 [T14-ScriptEngine] INFO  JobRequest
 - STEP 112: S03acdaaa8ef44090be4172b7f3622a39 (6/56) - (45/97)
 - [6] WriteRange


2024-09-13 11:01:15,442 [T14-ScriptEngine] INFO  JobRequest
 - STEP 113: S31c92a0bb20c405288f3de990c79b749 (7/56) - (46/97)
 - [7] ReadString


2024-09-13 11:01:15,519 [T14-ScriptEngine] INFO  JobRequest
 - STEP 114: Sad68a4f5e32042658e3116b4074243ec (8/56) - (47/97)
 - [8] WriteString


2024-09-13 11:01:15,626 [T14-ScriptEngine] INFO  JobRequest
 - STEP 115: S0dd98e51927c420db42c721761b6f0ea (9/56) - (48/97)
 - [9] ReadRange


2024-09-13 11:01:15,721 [T14-ScriptEngine] INFO  JobRequest
 - STEP 116: Sef38fb5691c340f4845e2bb7c644cc8b (10/56) - (49/97)
 - [10] WriteRange


2024-09-13 11:01:15,784 [T14-ScriptEngine] INFO  JobRequest
 - STEP 117: Sc2b80fc745c94f0795d6eedaba215da0 (11/56) - (50/97)
 - [11] ReadString


2024-09-13 11:01:15,861 [T14-ScriptEngine] INFO  JobRequest
 - STEP 118: Sd6781213ff254db98b270f6a5673643c (12/56) - (51/97)
 - [12] WriteString


2024-09-13 11:01:15,955 [T14-ScriptEngine] INFO  JobRequest
 - STEP 119: S8267266f288e46b6a895afc34461c608 (13/56) - (52/97)
 - [13] ReadRange


2024-09-13 11:01:16,048 [T14-ScriptEngine] INFO  JobRequest
 - STEP 120: S0a5445b7c00f4cb48146cda7b14bc663 (14/56) - (53/97)
 - [14] WriteRange


2024-09-13 11:01:16,139 [T14-ScriptEngine] INFO  JobRequest
 - STEP 121: Saed1f117dead4350bda13252ec598124 (15/56) - (54/97)
 - [15] ReadString


2024-09-13 11:01:16,215 [T14-ScriptEngine] INFO  JobRequest
 - STEP 122: Sca545f9b884e483b9b7f7149e6a13c6f (16/56) - (55/97)
 - [16] WriteString


2024-09-13 11:01:16,292 [T14-ScriptEngine] INFO  JobRequest
 - STEP 123: S06419851ec8249a7aa9ae1a5dd9dc75e (17/56) - (56/97)
 - [17] ReadRange


2024-09-13 11:01:16,417 [T14-ScriptEngine] INFO  JobRequest
 - STEP 124: Sa3516d7b25a0448286ce0eebd7205743 (18/56) - (57/97)
 - [18] WriteRange


2024-09-13 11:01:16,507 [T14-ScriptEngine] INFO  JobRequest
 - STEP 125: Sa15d229280c04a19bdf9485432ef1b15 (19/56) - (58/97)
 - [19] ReadString


2024-09-13 11:01:16,552 [T14-ScriptEngine] INFO  JobRequest
 - STEP 126: Sf1b2060779b14865a2232d1d044a7858 (20/56) - (59/97)
 - [20] WriteString


2024-09-13 11:01:16,661 [T14-ScriptEngine] INFO  JobRequest
 - STEP 127: S683c21abba954e98b688133631cad148 (21/56) - (60/97)
 - [21] ReadRange


2024-09-13 11:01:16,769 [T14-ScriptEngine] INFO  JobRequest
 - STEP 128: Se5f1619c13cf4b59b72d4ee826d3a0c1 (22/56) - (61/97)
 - [22] WriteRange


2024-09-13 11:01:16,847 [T14-ScriptEngine] INFO  JobRequest
 - STEP 129: Sed26a767f57b4a159db7fd7f10e76792 (23/56) - (62/97)
 - [23] ReadString


2024-09-13 11:01:16,938 [T14-ScriptEngine] INFO  JobRequest
 - STEP 130: Sb51dc32e18ce44b2a256dd4f5dd64ef2 (24/56) - (63/97)
 - [24] WriteString


2024-09-13 11:01:17,016 [T14-ScriptEngine] INFO  JobRequest
 - STEP 131: S5815c1086393425897c748821a81020e (25/56) - (64/97)
 - [25] ReadRange


2024-09-13 11:01:17,107 [T14-ScriptEngine] INFO  JobRequest
 - STEP 132: S252b67c1577540fb91e62c21180c1e7e (26/56) - (65/97)
 - [26] WriteRange


2024-09-13 11:01:17,199 [T14-ScriptEngine] INFO  JobRequest
 - STEP 133: S5c96afd90f754e24abcb5e7e7130d2b5 (27/56) - (66/97)
 - [27] ReadString


2024-09-13 11:01:17,276 [T14-ScriptEngine] INFO  JobRequest
 - STEP 134: S4215bedf70bf443587cea5a28a1e1658 (28/56) - (67/97)
 - [28] WriteString


2024-09-13 11:01:17,354 [T14-ScriptEngine] INFO  JobRequest
 - STEP 135: S45f8773bc6a845879630e42d7d4621f5 (29/56) - (68/97)
 - [29] ReadRange


2024-09-13 11:01:17,463 [T14-ScriptEngine] INFO  JobRequest
 - STEP 136: S1c3387f7672e401f9e922f6c7b88337c (30/56) - (69/97)
 - [30] WriteRange


2024-09-13 11:01:17,539 [T14-ScriptEngine] INFO  JobRequest
 - STEP 137: S6e767d6164d24a8faebbb2dcae0508a2 (31/56) - (70/97)
 - [31] CloseExcel


2024-09-13 11:01:17,575 [T14-ScriptEngine] DEBUG ExcelBase
DisposeExcel

2024-09-13 11:01:17,691 [T14-ScriptEngine] INFO  JobRequest
 - STEP 138: S57a2b8f21d3c456d97c2978bcf7ef3ad (32/56) - (71/97)
 - [32] SendShortCut


2024-09-13 11:01:18,013 [T14-ScriptEngine] INFO  JobRequest
 - STEP 139: Sa8943106aab64d7da3ef079dca58bb8f (33/56) - (72/97)
 - [33] SendShortCut


2024-09-13 11:01:18,533 [T14-ScriptEngine] INFO  JobRequest
 - STEP 140: S6a054fd81a124103aacf0ff10f34a9dd (34/56) - (73/97)
 - [34] Click


2024-09-13 11:01:19,497 [T18] DEBUG UIAEventHandler
UI Structure Changed Count: 0

2024-09-13 11:01:19,497 [T18] INFO  UIAEventHandler
waiting for 946 msec during the screen structure is changing.

2024-09-13 11:01:19,694 [T18] DEBUG UIAEventHandler
UI Structure Changed Count: 0

2024-09-13 11:01:19,694 [T18] INFO  UIAEventHandler
waiting for 113 msec during the screen structure is changing.

2024-09-13 11:01:20,309 [T14-ScriptEngine] INFO  JobRequest
 - STEP 141: Se5b38612384249868b0d2adc73a6edbd (35/56) - (74/97)
 - [35] WaitAppear


2024-09-13 11:01:22,346 [T15] WARN  WinApi
SetForeground Failed.
 Attach ThreadInput - True
 Foreground Window - HWND: 2032108, Title: 그림 삽입, PID: 6444, ProcessName: EXCEL
 Target Window - HWND: 394266, Title: 보고서(템플릿).xlsx - Excel, PID: 6444, ProcessName: EXCEL

2024-09-13 11:01:22,523 [T14-ScriptEngine] INFO  JobRequest
 - STEP 142: S61548d0817f54a0b9b8519c0db79b81e (36/56) - (75/97)
 - [36] Click


2024-09-13 11:01:23,518 [T12] DEBUG UIAEventHandler
UI Structure Changed Count: 0

2024-09-13 11:01:23,518 [T12] INFO  UIAEventHandler
waiting for 979 msec during the screen structure is changing.

2024-09-13 11:01:24,531 [T12] WARN  WinApi
SetForeground Failed.
 Attach ThreadInput - True
 Foreground Window - HWND: 2032108, Title: 그림 삽입, PID: 6444, ProcessName: EXCEL
 Target Window - HWND: 394266, Title: 보고서(템플릿).xlsx - Excel, PID: 6444, ProcessName: EXCEL

2024-09-13 11:01:24,810 [T12] DEBUG UIAEventHandler
UI Structure Changed Count: 0

2024-09-13 11:01:24,810 [T12] INFO  UIAEventHandler
waiting for 110 msec during the screen structure is changing.

2024-09-13 11:01:25,622 [T14-ScriptEngine] INFO  JobRequest
 - STEP 143: Sdd2df94576b94cfc803f39339c9717e7 (37/56) - (76/97)
 - [37] SetText


2024-09-13 11:01:25,714 [T22] DEBUG UIAEventHandler
UI Structure Changed Count: 0

2024-09-13 11:01:25,714 [T22] INFO  UIAEventHandler
waiting for 70 msec during the screen structure is changing.

2024-09-13 11:01:26,849 [T22] WARN  WinApi
SetForeground Failed.
 Attach ThreadInput - True
 Foreground Window - HWND: 2032108, Title: 그림 삽입, PID: 6444, ProcessName: EXCEL
 Target Window - HWND: 394266, Title: 보고서(템플릿).xlsx - Excel, PID: 6444, ProcessName: EXCEL

2024-09-13 11:01:27,744 [T14-ScriptEngine] INFO  JobRequest
 - STEP 144: Sac3040dcf47c45f9b1b3a3698f539aa5 (38/56) - (77/97)
 - [38] Click


2024-09-13 11:01:28,022 [T21] DEBUG UIAEventHandler
UI Structure Changed Count: 0

2024-09-13 11:01:28,022 [T21] INFO  UIAEventHandler
waiting for 252 msec during the screen structure is changing.

2024-09-13 11:01:29,042 [T21] WARN  WinApi
SetForeground Failed.
 Attach ThreadInput - True
 Foreground Window - HWND: 2032108, Title: 그림 삽입, PID: 6444, ProcessName: EXCEL
 Target Window - HWND: 394266, Title: 보고서(템플릿).xlsx - Excel, PID: 6444, ProcessName: EXCEL

2024-09-13 11:01:30,392 [T14-ScriptEngine] INFO  JobRequest
 - STEP 145: Se500898f34ed49fea5978af3d27e2c3b (39/56) - (78/97)
 - [39] KeyInput


2024-09-13 11:01:32,515 [T14-ScriptEngine] INFO  JobRequest
 - STEP 146: S6237eddf0de64c979b17329b773672af (40/56) - (79/97)
 - [40] Click


2024-09-13 11:01:33,548 [T4] WARN  WinApi
SetForeground Failed.
 Attach ThreadInput - True
 Foreground Window - HWND: 2032108, Title: 그림 삽입, PID: 6444, ProcessName: EXCEL
 Target Window - HWND: 394266, Title: 보고서(템플릿).xlsx - Excel, PID: 6444, ProcessName: EXCEL

2024-09-13 11:01:34,508 [T14-ScriptEngine] INFO  JobRequest
 - STEP 147: S7c029db000614e71968196b03b60f384 (41/56) - (80/97)
 - [41] KeyInput


2024-09-13 11:01:38,084 [T14-ScriptEngine] INFO  JobRequest
 - STEP 148: Sf193e9bee9f84e9ea07032f3dc845e48 (42/56) - (81/97)
 - [42] KeyInput


2024-09-13 11:01:40,203 [T14-ScriptEngine] INFO  JobRequest
 - STEP 149: Sa3a0737886cc4b5184ef9fb4f1963839 (43/56) - (82/97)
 - [43] SelectRange


2024-09-13 11:01:40,295 [T14-ScriptEngine] INFO  JobRequest
 - STEP 150: S36b916a72e3043a78c711230a439be99 (44/56) - (83/97)
 - [44] KeyInput


2024-09-13 11:01:42,408 [T14-ScriptEngine] INFO  JobRequest
 - STEP 151: S2e6ebf40d96e4ef2b328bbb8c2523221 (45/56) - (84/97)
 - [45] KeyInput


2024-09-13 11:01:44,286 [T14-ScriptEngine] INFO  JobRequest
 - STEP 152: Se55dad707a1e45f5beb984eec21b4562 (46/56) - (85/97)
 - [46] Click


2024-09-13 11:01:45,165 [T14-ScriptEngine] INFO  JobRequest
 - STEP 153: S66e4864722414a9b9f566cc9f25364ea (47/56) - (86/97)
 - [47] KeyInput


2024-09-13 11:01:47,282 [T14-ScriptEngine] INFO  JobRequest
 - STEP 154: S15cd9274e5f34950b70fa5440fe086ef (48/56) - (87/97)
 - [48] SelectRange


2024-09-13 11:01:47,372 [T14-ScriptEngine] INFO  JobRequest
 - STEP 155: S3a946a3a4ad34963a9ebaeeab9cdd808 (49/56) - (88/97)
 - [49] KeyInput


2024-09-13 11:01:49,496 [T14-ScriptEngine] INFO  JobRequest
 - STEP 156: Sbada054bc84a4f6e901ed3ad498ad4a9 (50/56) - (89/97)
 - [50] KeyInput


2024-09-13 11:01:51,623 [T14-ScriptEngine] INFO  JobRequest
 - STEP 157: S4898a9fba1814392be4b2050d6ea2d91 (51/56) - (90/97)
 - [51] SendShortCut


2024-09-13 11:01:51,930 [T14-ScriptEngine] INFO  JobRequest
 - STEP 158: S6a29816a15f043b1a57614e3fefefdd1 (52/56) - (91/97)
 - [52] SendShortCut


2024-09-13 11:01:52,326 [T14-ScriptEngine] INFO  JobRequest
 - STEP 159: Scd6e23154aa14e509f8ac6aa31dd2f7f (53/56) - (92/97)
 - [53] SendShortCut


2024-09-13 11:01:52,620 [T14-ScriptEngine] INFO  JobRequest
 - STEP 160: S30530dc241f54fa5b0a4a5c54baa216f (54/56) - (93/97)
 - [54] SendShortCut


2024-09-13 11:01:52,985 [T14-ScriptEngine] INFO  JobRequest
 - STEP 161: S5196f8feda4d44af928235a11c83d8e1 (55/56) - (94/97)
 - [55] SaveExcel


2024-09-13 11:01:53,094 [T14-ScriptEngine] INFO  JobRequest
 - STEP 162: S010037bc07f34d52a677e7f5da5e1ff3 (56/56) - (95/97)
 - [56] CloseExcel


2024-09-13 11:01:53,111 [T14-ScriptEngine] DEBUG ExcelBase
DisposeExcel

2024-09-13 11:01:54,575 [T14-ScriptEngine] INFO  JobRunner
[PASS] TASK: T_보고서만들기

2024-09-13 11:01:54,576 [T14-ScriptEngine] INFO  JobRequest
##############################################################
### STATE: EndTask - T_보고서만들기
##############################################################
048d5a11-d4e8-4419-849c-c5ad699f8305
T_보고서만들기


2024-09-13 11:01:54,592 [T14-ScriptEngine] INFO  JobRequest
**************************************************************
*** TASK: P_miniproject
**************************************************************
 - STEP 163: S2507fa9abba24945909c98645ef95876 (4/4) - (96/97)
 - [4] RunTask


2024-09-13 11:01:54,594 [T14-ScriptEngine] INFO  JobRequest
##############################################################
### STATE: StartTask - T_메일보내기
##############################################################
5f3715ed-e376-497f-a633-4e4415913320
T_메일보내기


2024-09-13 11:01:54,607 [T14-ScriptEngine] INFO  JobRequest
**************************************************************
*** TASK: T_메일보내기
**************************************************************
 - STEP 164: Sd857afc2fc56473aa49962b58cfb76bc (1/1) - (97/97)
 - [1] SendMail


2024-09-13 11:02:03,519 [T14-ScriptEngine] INFO  JobRunner
[PASS] TASK: T_메일보내기

2024-09-13 11:02:03,520 [T14-ScriptEngine] INFO  JobRequest
##############################################################
### STATE: EndTask - T_메일보내기
##############################################################
5f3715ed-e376-497f-a633-4e4415913320
T_메일보내기


2024-09-13 11:02:03,520 [T14-ScriptEngine] INFO  JobRunner
[PASS] TASK: P_miniproject

2024-09-13 11:02:03,520 [T14-ScriptEngine] INFO  JobRequest
##############################################################
### STATE: EndProcess - P_miniproject
##############################################################
ff7e737e-6361-4c0a-a1fa-18ed34505f73
P_miniproject


2024-09-13 11:02:03,541 [T14-ScriptEngine] INFO  JobRunner
RunProcess - Job Result: {}

2024-09-13 11:02:03,542 [T14-ScriptEngine] DEBUG JobManager
Set Result State: Completed

2024-09-13 11:02:03,546 [T14-ScriptEngine] INFO  JobRunner
Make report.

2024-09-13 11:02:03,584 [T14-ScriptEngine] INFO  JobRunner
Start to clean up resources.

2024-09-13 11:02:03,585 [T23] DEBUG JobRunner
Start timer for checking the job to be completed.

2024-09-13 11:02:03,586 [T14-ScriptEngine] DEBUG JobRunner
OnProcessCompleted

2024-09-13 11:02:03,587 [T14-ScriptEngine] INFO  JobRunner
Start to clean up resources.

2024-09-13 11:02:03,590 [T14-ScriptEngine] DEBUG JobRunner
Remove all libraries

2024-09-13 11:02:03,591 [T14-ScriptEngine] DEBUG NetPlayer
WebPlayer OnDispose

2024-09-13 11:02:03,596 [T14-ScriptEngine] DEBUG WebPlayer
WebPlayer OnDispose : Do Nothing

2024-09-13 11:02:03,597 [T14-ScriptEngine] DEBUG UIAEventHandler
Stop UIA event handler

2024-09-13 11:02:03,604 [T14-ScriptEngine] DEBUG UiaAppHelper
WinHelper DisposeAppList Count: 2

2024-09-13 11:02:03,605 [T14-ScriptEngine] INFO  JobRunner
All Resources Clear

2024-09-13 11:02:03,607 [T14-ScriptEngine] DEBUG JobRunner
OnCompleted

2024-09-13 11:02:03,608 [T14-ScriptEngine] DEBUG JobRunner
SendJobResult: Completed

2024-09-13 11:02:03,608 [T14-ScriptEngine] INFO  JobRequest
##############################################################
### STATE: Completed
##############################################################
{}


2024-09-13 11:02:03,608 [T14-ScriptEngine] INFO  JobRequest
Last job life cycle state: Completed

2024-09-13 11:02:03,608 [T14-ScriptEngine] INFO  JobRequest
Update skipped current step informations.

2024-09-13 11:02:03,623 [T14-ScriptEngine] INFO  JobRequest
##############################################################
### JOB COMPLETED
##############################################################


2024-09-13 11:02:03,627 [T9] DEBUG JobRequest
Callback - State: Completed
{}

2024-09-13 11:02:03,630 [T9] INFO  JobRequest
Callback - EngineClosed

2024-09-13 11:02:03,631 [T9] INFO  JobService
Disconnect agent service

2024-09-13 11:02:03,632 [T9] DEBUG JobRequest
End of Callback Sender

2024-09-13 11:02:03,643 [T14-ScriptEngine] INFO  JobRunner
RunProcess end

2024-09-13 11:02:03,644 [T1] INFO  JobService
Exit - Shutdown Engine BOT

